<?xml version="1.0" encoding="UTF-8"?>
<!-- Generated by org.testng.reporters.JUnitXMLReporter -->
<testsuite ignored="0" hostname="EG-J532MG3" failures="2" tests="4" name=" Error Validation Test" time="77.97" errors="0" timestamp="2024-05-19T23:11:24 EET">
  <testcase classname="AutomationFramework.AutomationFrameworkProject.ErrorValidation" name="LoginErrorValidation" time="10.32">
    <skipped/>
  </testcase> <!-- LoginErrorValidation -->
  <testcase classname="AutomationFramework.AutomationFrameworkProject.ErrorValidation" name="LoginErrorValidation" time="2.721">
    <skipped/>
  </testcase> <!-- LoginErrorValidation -->
  <testcase classname="AutomationFramework.AutomationFrameworkProject.ErrorValidation" name="LoginErrorValidation" time="1.378">
    <failure type="java.lang.AssertionError" message="expected [Incorrect email or password.] but found [Incorrect email or pasddsword.]">
      <![CDATA[java.lang.AssertionError: expected [Incorrect email or password.] but found [Incorrect email or pasddsword.]
at AutomationFramework.AutomationFrameworkProject.ErrorValidation.LoginErrorValidation(ErrorValidation.java:24)
at java.base/java.util.ArrayList.forEach(ArrayList.java:1511)
at java.base/java.util.concurrent.FutureTask.run(FutureTask.java:264)
at java.base/java.util.concurrent.ThreadPoolExecutor.runWorker(ThreadPoolExecutor.java:1136)
at java.base/java.util.concurrent.ThreadPoolExecutor$Worker.run(ThreadPoolExecutor.java:635)
at java.base/java.lang.Thread.run(Thread.java:833)
... Removed 23 stack frames]]>
    </failure>
  </testcase> <!-- LoginErrorValidation -->
  <testcase classname="AutomationFramework.AutomationFrameworkProject.ErrorValidation" name="productErrorValidation" time="18.568">
    <failure type="java.lang.AssertionError" message="expected [true] but found [false]">
      <![CDATA[java.lang.AssertionError: expected [true] but found [false]
at AutomationFramework.AutomationFrameworkProject.ErrorValidation.productErrorValidation(ErrorValidation.java:40)
at java.base/java.util.ArrayList.forEach(ArrayList.java:1511)
at java.base/java.util.concurrent.FutureTask.run(FutureTask.java:264)
at java.base/java.util.concurrent.ThreadPoolExecutor.runWorker(ThreadPoolExecutor.java:1136)
at java.base/java.util.concurrent.ThreadPoolExecutor$Worker.run(ThreadPoolExecutor.java:635)
at java.base/java.lang.Thread.run(Thread.java:833)
... Removed 21 stack frames]]>
    </failure>
  </testcase> <!-- productErrorValidation -->
</testsuite> <!--  Error Validation Test -->
